mode: set
github.com/mateusmacedo/users/internal/domain/entities/user.go:44.307,60.2 1 1
github.com/mateusmacedo/users/internal/domain/entities/user.go:62.123,78.2 5 1
github.com/mateusmacedo/users/internal/domain/entities/user.go:80.58,83.2 2 1
github.com/mateusmacedo/users/internal/domain/entities/user.go:85.68,88.2 2 1
github.com/mateusmacedo/users/internal/domain/entities/user.go:90.70,93.2 2 1
github.com/mateusmacedo/users/internal/domain/entities/user.go:95.31,99.2 3 1
github.com/mateusmacedo/users/internal/domain/entities/user.go:101.45,102.29 1 1
github.com/mateusmacedo/users/internal/domain/entities/user.go:102.29,103.17 1 1
github.com/mateusmacedo/users/internal/domain/entities/user.go:103.17,105.4 1 1
github.com/mateusmacedo/users/internal/domain/entities/user.go:107.2,107.14 1 1
github.com/mateusmacedo/users/internal/domain/entities/user.go:110.47,111.24 1 1
github.com/mateusmacedo/users/internal/domain/entities/user.go:111.24,113.3 1 1
github.com/mateusmacedo/users/internal/domain/entities/user.go:114.2,115.12 2 1
github.com/mateusmacedo/users/internal/domain/entities/user.go:118.52,119.25 1 1
github.com/mateusmacedo/users/internal/domain/entities/user.go:119.25,121.3 1 1
github.com/mateusmacedo/users/internal/domain/entities/user.go:122.2,122.29 1 1
github.com/mateusmacedo/users/internal/domain/entities/user.go:122.29,123.17 1 1
github.com/mateusmacedo/users/internal/domain/entities/user.go:123.17,125.9 2 1
github.com/mateusmacedo/users/internal/domain/entities/user.go:128.2,128.12 1 1
github.com/mateusmacedo/users/internal/domain/entities/user.go:131.42,132.28 1 1
github.com/mateusmacedo/users/internal/domain/entities/user.go:132.28,133.16 1 1
github.com/mateusmacedo/users/internal/domain/entities/user.go:133.16,135.4 1 1
github.com/mateusmacedo/users/internal/domain/entities/user.go:137.2,137.14 1 1
github.com/mateusmacedo/users/internal/domain/entities/user.go:140.43,141.21 1 1
github.com/mateusmacedo/users/internal/domain/entities/user.go:141.21,143.3 1 1
github.com/mateusmacedo/users/internal/domain/entities/user.go:144.2,145.12 2 1
github.com/mateusmacedo/users/internal/domain/entities/user.go:148.46,149.22 1 1
github.com/mateusmacedo/users/internal/domain/entities/user.go:149.22,151.3 1 1
github.com/mateusmacedo/users/internal/domain/entities/user.go:152.2,152.28 1 1
github.com/mateusmacedo/users/internal/domain/entities/user.go:152.28,153.16 1 1
github.com/mateusmacedo/users/internal/domain/entities/user.go:153.16,155.9 2 1
github.com/mateusmacedo/users/internal/domain/entities/user.go:158.2,158.12 1 1
github.com/mateusmacedo/users/internal/domain/entities/user.go:161.49,162.19 1 1
github.com/mateusmacedo/users/internal/domain/entities/user.go:162.19,164.3 1 1
github.com/mateusmacedo/users/internal/domain/entities/user.go:166.2,166.18 1 1
github.com/mateusmacedo/users/internal/domain/entities/user.go:166.18,168.3 1 1
github.com/mateusmacedo/users/internal/domain/entities/user.go:170.2,174.12 4 1
github.com/mateusmacedo/users/internal/domain/entities/user.go:177.35,178.19 1 1
github.com/mateusmacedo/users/internal/domain/entities/user.go:178.19,180.3 1 1
github.com/mateusmacedo/users/internal/domain/entities/user.go:182.2,182.19 1 1
github.com/mateusmacedo/users/internal/domain/entities/user.go:182.19,184.3 1 1
github.com/mateusmacedo/users/internal/domain/entities/user.go:186.2,188.12 3 1
github.com/mateusmacedo/users/internal/domain/entities/user.go:191.32,192.25 1 1
github.com/mateusmacedo/users/internal/domain/entities/user.go:192.25,194.3 1 1
github.com/mateusmacedo/users/internal/domain/entities/user.go:196.2,196.46 1 1
github.com/mateusmacedo/users/internal/domain/entities/user.go:199.33,201.2 1 1
github.com/mateusmacedo/users/internal/domain/entities/user.go:203.46,206.2 2 1
github.com/mateusmacedo/users/internal/domain/valueobjects/email.go:13.59,14.40 1 1
github.com/mateusmacedo/users/internal/domain/valueobjects/email.go:14.40,16.3 1 1
github.com/mateusmacedo/users/internal/domain/valueobjects/email.go:17.2,17.26 1 1
github.com/mateusmacedo/users/internal/domain/valueobjects/email.go:17.26,19.3 1 1
github.com/mateusmacedo/users/internal/domain/valueobjects/email.go:20.2,22.8 1 1
github.com/mateusmacedo/users/internal/domain/valueobjects/email.go:25.55,26.49 1 1
github.com/mateusmacedo/users/internal/domain/valueobjects/email.go:26.49,28.3 1 1
github.com/mateusmacedo/users/internal/domain/valueobjects/email.go:29.2,29.14 1 1
github.com/mateusmacedo/users/internal/domain/valueobjects/email.go:32.44,34.2 1 1
github.com/mateusmacedo/users/internal/domain/valueobjects/email.go:36.40,38.2 1 1
github.com/mateusmacedo/users/internal/domain/valueobjects/email.go:40.38,43.2 2 1
github.com/mateusmacedo/users/internal/domain/valueobjects/id.go:7.27,11.2 1 1
github.com/mateusmacedo/users/internal/domain/valueobjects/id.go:13.45,14.36 1 1
github.com/mateusmacedo/users/internal/domain/valueobjects/id.go:14.36,16.3 1 1
github.com/mateusmacedo/users/internal/domain/valueobjects/id.go:17.2,17.14 1 1
github.com/mateusmacedo/users/internal/domain/valueobjects/id.go:20.34,22.2 1 1
github.com/mateusmacedo/users/internal/domain/valueobjects/id.go:24.30,26.2 1 1
github.com/mateusmacedo/users/internal/domain/valueobjects/name.go:9.33,13.2 1 1
github.com/mateusmacedo/users/internal/domain/valueobjects/name.go:15.47,16.40 1 1
github.com/mateusmacedo/users/internal/domain/valueobjects/name.go:16.40,18.3 1 1
github.com/mateusmacedo/users/internal/domain/valueobjects/name.go:19.2,19.14 1 1
github.com/mateusmacedo/users/internal/domain/valueobjects/name.go:22.36,24.2 1 1
github.com/mateusmacedo/users/internal/domain/valueobjects/name.go:26.32,28.2 1 1
github.com/mateusmacedo/users/internal/domain/valueobjects/password.go:12.51,13.20 1 1
github.com/mateusmacedo/users/internal/domain/valueobjects/password.go:13.20,15.3 1 1
github.com/mateusmacedo/users/internal/domain/valueobjects/password.go:16.2,16.28 1 1
github.com/mateusmacedo/users/internal/domain/valueobjects/password.go:16.28,18.3 1 1
github.com/mateusmacedo/users/internal/domain/valueobjects/password.go:19.2,19.31 1 1
github.com/mateusmacedo/users/internal/domain/valueobjects/password.go:19.31,21.3 1 1
github.com/mateusmacedo/users/internal/domain/valueobjects/password.go:22.2,22.33 1 1
github.com/mateusmacedo/users/internal/domain/valueobjects/password.go:22.33,24.3 1 1
github.com/mateusmacedo/users/internal/domain/valueobjects/password.go:25.2,27.8 1 1
github.com/mateusmacedo/users/internal/domain/valueobjects/password.go:30.51,31.44 1 1
github.com/mateusmacedo/users/internal/domain/valueobjects/password.go:31.44,33.3 1 1
github.com/mateusmacedo/users/internal/domain/valueobjects/password.go:34.2,34.14 1 1
github.com/mateusmacedo/users/internal/domain/valueobjects/password.go:37.40,39.2 1 1
github.com/mateusmacedo/users/internal/domain/valueobjects/password.go:41.36,43.2 1 1
github.com/mateusmacedo/users/internal/domain/valueobjects/password.go:45.36,48.2 2 1
github.com/mateusmacedo/users/internal/domain/valueobjects/password.go:50.39,53.2 2 1
github.com/mateusmacedo/users/internal/domain/valueobjects/password.go:55.41,58.2 2 1
