mode: set
github.com/mateusmacedo/users/internal/domain/entities/user.go:42.249,58.2 1 1
github.com/mateusmacedo/users/internal/domain/entities/user.go:60.61,76.2 5 1
github.com/mateusmacedo/users/internal/domain/entities/user.go:78.46,81.2 2 1
github.com/mateusmacedo/users/internal/domain/entities/user.go:83.48,86.2 2 1
github.com/mateusmacedo/users/internal/domain/entities/user.go:88.54,91.2 2 1
github.com/mateusmacedo/users/internal/domain/entities/user.go:93.31,97.2 3 1
github.com/mateusmacedo/users/internal/domain/entities/user.go:99.45,100.29 1 1
github.com/mateusmacedo/users/internal/domain/entities/user.go:100.29,101.17 1 1
github.com/mateusmacedo/users/internal/domain/entities/user.go:101.17,103.4 1 1
github.com/mateusmacedo/users/internal/domain/entities/user.go:105.2,105.14 1 1
github.com/mateusmacedo/users/internal/domain/entities/user.go:108.47,109.24 1 1
github.com/mateusmacedo/users/internal/domain/entities/user.go:109.24,111.3 1 1
github.com/mateusmacedo/users/internal/domain/entities/user.go:112.2,113.12 2 1
github.com/mateusmacedo/users/internal/domain/entities/user.go:116.52,117.25 1 1
github.com/mateusmacedo/users/internal/domain/entities/user.go:117.25,119.3 1 1
github.com/mateusmacedo/users/internal/domain/entities/user.go:120.2,120.29 1 1
github.com/mateusmacedo/users/internal/domain/entities/user.go:120.29,121.17 1 1
github.com/mateusmacedo/users/internal/domain/entities/user.go:121.17,123.9 2 1
github.com/mateusmacedo/users/internal/domain/entities/user.go:126.2,126.12 1 1
github.com/mateusmacedo/users/internal/domain/entities/user.go:129.42,130.28 1 1
github.com/mateusmacedo/users/internal/domain/entities/user.go:130.28,131.16 1 1
github.com/mateusmacedo/users/internal/domain/entities/user.go:131.16,133.4 1 1
github.com/mateusmacedo/users/internal/domain/entities/user.go:135.2,135.14 1 1
github.com/mateusmacedo/users/internal/domain/entities/user.go:138.43,139.21 1 1
github.com/mateusmacedo/users/internal/domain/entities/user.go:139.21,141.3 1 1
github.com/mateusmacedo/users/internal/domain/entities/user.go:142.2,143.12 2 1
github.com/mateusmacedo/users/internal/domain/entities/user.go:146.46,147.22 1 1
github.com/mateusmacedo/users/internal/domain/entities/user.go:147.22,149.3 1 1
github.com/mateusmacedo/users/internal/domain/entities/user.go:150.2,150.28 1 1
github.com/mateusmacedo/users/internal/domain/entities/user.go:150.28,151.16 1 1
github.com/mateusmacedo/users/internal/domain/entities/user.go:151.16,153.9 2 1
github.com/mateusmacedo/users/internal/domain/entities/user.go:156.2,156.12 1 1
github.com/mateusmacedo/users/internal/domain/entities/user.go:159.49,160.19 1 1
github.com/mateusmacedo/users/internal/domain/entities/user.go:160.19,162.3 1 1
github.com/mateusmacedo/users/internal/domain/entities/user.go:164.2,164.18 1 1
github.com/mateusmacedo/users/internal/domain/entities/user.go:164.18,166.3 1 1
github.com/mateusmacedo/users/internal/domain/entities/user.go:168.2,172.12 4 1
github.com/mateusmacedo/users/internal/domain/entities/user.go:175.35,176.19 1 1
github.com/mateusmacedo/users/internal/domain/entities/user.go:176.19,178.3 1 1
github.com/mateusmacedo/users/internal/domain/entities/user.go:180.2,180.19 1 1
github.com/mateusmacedo/users/internal/domain/entities/user.go:180.19,182.3 1 1
github.com/mateusmacedo/users/internal/domain/entities/user.go:184.2,186.12 3 1
github.com/mateusmacedo/users/internal/domain/entities/user.go:189.32,190.25 1 1
github.com/mateusmacedo/users/internal/domain/entities/user.go:190.25,192.3 1 1
github.com/mateusmacedo/users/internal/domain/entities/user.go:194.2,194.46 1 1
github.com/mateusmacedo/users/internal/domain/entities/user.go:197.33,199.2 1 1
github.com/mateusmacedo/users/internal/domain/entities/user.go:201.46,204.2 2 1
